
[load_game - restore data]
Traceback (most recent call last):
  File "C:\Users\User\PycharmProjects\AINCRAD_SIM\src\save_manager.py", line 67, in load_game
    game.go_to_floor(data.get("current_floor_index", 0))
    ~~~~~~~~~~~~~~~~^^^^^^^^^^^^^^^^^^^^^^^^^^^^^^^^^^^^
  File "C:\Users\User\PycharmProjects\AINCRAD_SIM\src\game.py", line 63, in go_to_floor
    self.floor   = self._load_floor(index)
                   ~~~~~~~~~~~~~~~~^^^^^^^
  File "C:\Users\User\PycharmProjects\AINCRAD_SIM\src\game.py", line 58, in _load_floor
    return Floor(FLOORS[index])
  File "C:\Users\User\PycharmProjects\AINCRAD_SIM\src\floor.py", line 97, in __init__
    self.monster = self._spawn_monster()
                   ~~~~~~~~~~~~~~~~~~~^^
  File "C:\Users\User\PycharmProjects\AINCRAD_SIM\src\floor.py", line 108, in _spawn_monster
    data    = next(m for m in MONSTER_LIST if m["name"] == chosen)
StopIteration

[load_game - restore data]
Traceback (most recent call last):
  File "C:\Users\User\PycharmProjects\AINCRAD_SIM\src\save_manager.py", line 67, in load_game
    game.go_to_floor(data.get("current_floor_index", 0))
    ~~~~~~~~~~~~~~~~^^^^^^^^^^^^^^^^^^^^^^^^^^^^^^^^^^^^
  File "C:\Users\User\PycharmProjects\AINCRAD_SIM\src\game.py", line 63, in go_to_floor
    self.floor   = self._load_floor(index)
                   ~~~~~~~~~~~~~~~~^^^^^^^
  File "C:\Users\User\PycharmProjects\AINCRAD_SIM\src\game.py", line 58, in _load_floor
    return Floor(FLOORS[index])
  File "C:\Users\User\PycharmProjects\AINCRAD_SIM\src\floor.py", line 97, in __init__
    self.monster = self._spawn_monster()
                   ~~~~~~~~~~~~~~~~~~~^^
  File "C:\Users\User\PycharmProjects\AINCRAD_SIM\src\floor.py", line 108, in _spawn_monster
    data    = next(m for m in MONSTER_LIST if m["name"] == chosen)
StopIteration
[AudioManager] _load_sfx(hit.wav) : Couldn't read first 4 bytes of audio data
[AudioManager] _load_sfx(crit.wav) : Couldn't read first 4 bytes of audio data
[AudioManager] _load_sfx(death.wav) : Couldn't read first 4 bytes of audio data
[AudioManager] _load_sfx(buy.wav) : Couldn't read first 4 bytes of audio data
[AudioManager] _load_sfx(hit.wav) : Couldn't read first 4 bytes of audio data
[AudioManager] _load_sfx(crit.wav) : Couldn't read first 4 bytes of audio data
[AudioManager] _load_sfx(death.wav) : Couldn't read first 4 bytes of audio data
[AudioManager] _load_sfx(buy.wav) : Couldn't read first 4 bytes of audio data
[AudioManager] _load_sfx(hit.wav) : Couldn't read first 4 bytes of audio data
[AudioManager] _load_sfx(crit.wav) : Couldn't read first 4 bytes of audio data
[AudioManager] _load_sfx(death.wav) : Couldn't read first 4 bytes of audio data
[AudioManager] _load_sfx(buy.wav) : Couldn't read first 4 bytes of audio data
[AudioManager] _load_sfx(hit.wav) : Couldn't read first 4 bytes of audio data
[AudioManager] _load_sfx(crit.wav) : Couldn't read first 4 bytes of audio data
[AudioManager] _load_sfx(death.wav) : Couldn't read first 4 bytes of audio data
[AudioManager] _load_sfx(buy.wav) : Couldn't read first 4 bytes of audio data
[AudioManager] _load_sfx(hit.wav) : Couldn't read first 4 bytes of audio data
[AudioManager] _load_sfx(crit.wav) : Couldn't read first 4 bytes of audio data
[AudioManager] _load_sfx(death.wav) : Couldn't read first 4 bytes of audio data
[AudioManager] _load_sfx(buy.wav) : Couldn't read first 4 bytes of audio data
[AudioManager] _load_sfx(buy.wav) : Couldn't read first 4 bytes of audio data
[AudioManager] _load_sfx(buy.wav) : Couldn't read first 4 bytes of audio data
[AudioManager] _load_sfx(buy.wav) : Couldn't read first 4 bytes of audio data
[AudioManager] _load_sfx(buy.wav) : Couldn't read first 4 bytes of audio data
[AudioManager] _load_sfx(buy.wav) : Couldn't read first 4 bytes of audio data
